05:59:23.346 INFO - Launching a standalone Selenium Server
Setting system property webdriver.chrome.driver to lib/chromedriver
Setting system property webdriver.ie.driver to lib/IEDriverServer_x64_2.52.2.exe
Setting system property webdriver.safari.driver to lib/SafariDriver.safariextz
Setting system property trustAllSSLCertificates to true
05:59:23.373 INFO - Java: Oracle Corporation 25.92-b14
05:59:23.374 INFO - OS: Mac OS X 10.11.5 x86_64
05:59:23.380 INFO - v2.52.0, with Core v2.52.0. Built from revision 4c2593c
05:59:23.430 INFO - Driver provider org.openqa.selenium.ie.InternetExplorerDriver registration is skipped:
registration capabilities Capabilities [{ensureCleanSession=true, browserName=internet explorer, version=, platform=WINDOWS}] does not match the current platform MAC
05:59:23.430 INFO - Driver provider org.openqa.selenium.edge.EdgeDriver registration is skipped:
registration capabilities Capabilities [{browserName=MicrosoftEdge, version=, platform=WINDOWS}] does not match the current platform MAC
05:59:23.430 INFO - Driver class not found: com.opera.core.systems.OperaDriver
05:59:23.431 INFO - Driver provider com.opera.core.systems.OperaDriver is not registered
05:59:23.488 INFO - RemoteWebDriver instances should connect to: http://127.0.0.1:4444/wd/hub
05:59:23.488 INFO - Selenium Server is up and running
05:59:23.723 INFO - Executing: [new session: Capabilities [{ensureCleanSession=true, acceptSslCerts=true, name=Page Object, browserName=safari, safari.options={ensureCleanSession=true, useCleanSession=true}, javascriptEnabled=true, cleanSession=true, platform=ANY, unexpectedAlertBehaviour=dismiss}]])
05:59:23.731 INFO - Creating a new session for Capabilities [{ensureCleanSession=true, acceptSslCerts=true, name=Page Object, browserName=safari, safari.options={ensureCleanSession=true, useCleanSession=true}, javascriptEnabled=true, cleanSession=true, platform=ANY, unexpectedAlertBehaviour=dismiss}]
05:59:23.782 INFO - Server started on port 31029
05:59:23.789 INFO - Launching Safari
05:59:23.797 INFO - Waiting for SafariDriver to connect
05:59:24.739 INFO - Connection opened
05:59:24.741 INFO - Driver connected in 943 ms
05:59:24.779 INFO - Done: [new session: Capabilities [{ensureCleanSession=true, acceptSslCerts=true, name=Page Object, browserName=safari, safari.options={ensureCleanSession=true, useCleanSession=true}, javascriptEnabled=true, cleanSession=true, platform=ANY, unexpectedAlertBehaviour=dismiss}]]
05:59:24.794 INFO - Executing: [delete session: a48c2b26-8cf6-41f0-bcfc-b4aa0396429b])
05:59:24.795 INFO - Shutting down
05:59:24.795 INFO - Closing connection
05:59:24.796 INFO - Stopping Safari
05:59:24.848 INFO - Stopping server
05:59:24.848 INFO - Stopping server
05:59:24.852 INFO - Shutdown complete
05:59:24.852 INFO - Done: [delete session: a48c2b26-8cf6-41f0-bcfc-b4aa0396429b]
